proguard.cfg
-optimizationpasses 5
-dontusemixedcaseclassnames
-dontskipnonpubliclibraryclasses
-dontpreverify
-verbose
-optimizations !code/simplification/arithmetic,!field/*,!class/merging/*

-keep public class * extends android.app.Activity
-keep public class * extends android.app.Application
-keep public class * extends android.preference.Preference

-keepclasseswithmembers class * {
    native <methods>;
}

-keepclasseswithmembers class * {
    public <init>(android.content.Context, android.util.AttributeSet);
}

-keepclasseswithmembers class * {
    public <init>(android.content.Context, android.util.AttributeSet, int);
}

-keepclassmembers enum * {
    public static **[] values();
    public static ** valueOf(java.lang.String);
}

-keep class * implements android.os.Parcelable {
  public static final android.os.Parcelable$Creator *;
}

-keep class * extends java.util.ListResourceBundle {
    protected Object[][] getContents();
}

-dontwarn **CompatHoneycomb
-dontwarn **CompatCreatorHoneycombMR2
-dontwarn android.support.v4.view.**
-keep class android.support.v4.** { *; }
-keepattributes *Annotation*
-keep public class * extends android.view.View
-keep public class * extends android.view.ViewGroup
-keep public class * extends android.support.v4.app.Fragment

-keepclassmembers class * extends com.actionbarsherlock.ActionBarSherlock {
    <init>(android.app.Activity, int);
}