proguard/seeds.txt
com.android.gpstest.Application
com.android.gpstest.Application: Application()
com.android.gpstest.GpsMapFragment
com.android.gpstest.GpsSkyFragment
com.android.gpstest.GpsStatusFragment
com.android.gpstest.GpsTestActivity
com.android.gpstest.GpsTestActivity: GpsTestActivity()
com.android.gpstest.Preferences
com.android.gpstest.Preferences: Preferences()
com.android.gpstest.view.ViewPagerMapBevelScroll
com.android.gpstest.view.ViewPagerMapBevelScroll: ViewPagerMapBevelScroll(android.content.Context)
com.android.gpstest.view.ViewPagerMapBevelScroll: ViewPagerMapBevelScroll(android.content.Context,android.util.AttributeSet)
...
com.actionbarsherlock.internal.widget.ActionBarView$HomeView
com.actionbarsherlock.internal.widget.ActionBarView$HomeView: ActionBarView$HomeView(android.content.Context)
com.actionbarsherlock.internal.widget.ActionBarView$HomeView: ActionBarView$HomeView(android.content.Context,android.util.AttributeSet)
com.actionbarsherlock.internal.widget.ActionBarView$SavedState
com.actionbarsherlock.internal.widget.ActionBarView$SavedState: android.os.Parcelable$Creator CREATOR
com.actionbarsherlock.internal.widget.CapitalizingButton
com.actionbarsherlock.internal.widget.CapitalizingButton: CapitalizingButton(android.content.Context,android.util.AttributeSet)
com.actionbarsherlock.internal.widget.CapitalizingTextView
com.actionbarsherlock.internal.widget.CapitalizingTextView: CapitalizingTextView(android.content.Context,android.util.AttributeSet)
com.actionbarsherlock.internal.widget.CapitalizingTextView: CapitalizingTextView(android.content.Context,android.util.AttributeSet,int)
com.actionbarsherlock.internal.widget.CollapsibleActionViewWrapper
com.actionbarsherlock.internal.widget.IcsAbsSpinner
com.actionbarsherlock.internal.widget.IcsAbsSpinner: IcsAbsSpinner(android.content.Context,android.util.AttributeSet)
com.actionbarsherlock.internal.widget.IcsAbsSpinner: IcsAbsSpinner(android.content.Context,android.util.AttributeSet,int)
com.actionbarsherlock.internal.widget.IcsAbsSpinner$SavedState
com.actionbarsherlock.internal.widget.IcsAbsSpinner$SavedState: android.os.Parcelable$Creator CREATOR
com.actionbarsherlock.internal.widget.IcsAdapterView
com.actionbarsherlock.internal.widget.IcsAdapterView: IcsAdapterView(android.content.Context,android.util.AttributeSet)
com.actionbarsherlock.internal.widget.IcsAdapterView: IcsAdapterView(android.content.Context,android.util.AttributeSet,int)
com.actionbarsherlock.internal.widget.IcsLinearLayout
com.actionbarsherlock.internal.widget.IcsLinearLayout: IcsLinearLayout(android.content.Context,android.util.AttributeSet)
com.actionbarsherlock.internal.widget.IcsListPopupWindow
com.actionbarsherlock.internal.widget.IcsListPopupWindow: IcsListPopupWindow(android.content.Context,android.util.AttributeSet,int)
com.actionbarsherlock.internal.widget.IcsProgressBar
com.actionbarsherlock.internal.widget.IcsProgressBar: IcsProgressBar(android.content.Context,android.util.AttributeSet)
com.actionbarsherlock.internal.widget.IcsProgressBar: IcsProgressBar(android.content.Context,android.util.AttributeSet,int)
com.actionbarsherlock.internal.widget.IcsProgressBar$SavedState
com.actionbarsherlock.internal.widget.IcsProgressBar$SavedState: android.os.Parcelable$Creator CREATOR
com.actionbarsherlock.internal.widget.IcsSpinner
com.actionbarsherlock.internal.widget.IcsSpinner: IcsSpinner(android.content.Context,android.util.AttributeSet)
com.actionbarsherlock.internal.widget.IcsSpinner: IcsSpinner(android.content.Context,android.util.AttributeSet,int)
com.actionbarsherlock.internal.widget.ScrollingTabContainerView
com.actionbarsherlock.internal.widget.ScrollingTabContainerView$TabView
com.actionbarsherlock.internal.widget.ScrollingTabContainerView$TabView: ScrollingTabContainerView$TabView(android.content.Context,android.util.AttributeSet)
com.actionbarsherlock.internal.widget.TabsLinearLayout
com.actionbarsherlock.internal.widget.TabsLinearLayout: TabsLinearLayout(android.content.Context,android.util.AttributeSet)
com.actionbarsherlock.widget.ActivityChooserView
com.actionbarsherlock.widget.ActivityChooserView: ActivityChooserView(android.content.Context,android.util.AttributeSet)
com.actionbarsherlock.widget.ActivityChooserView: ActivityChooserView(android.content.Context,android.util.AttributeSet,int)
com.actionbarsherlock.widget.SearchView
com.actionbarsherlock.widget.SearchView: SearchView(android.content.Context,android.util.AttributeSet)