proguard/mapping.txt
com.android.gpstest.Application -> com.android.gpstest.Application:
    android.content.SharedPreferences mPrefs -> a
    com.android.gpstest.Application mApp -> b
    void onCreate() -> onCreate
    void onTerminate() -> onTerminate
    android.content.SharedPreferences getPrefs() -> a
com.android.gpstest.GpsMapFragment -> com.android.gpstest.GpsMapFragment:
    com.google.android.gms.maps.GoogleMap mMap -> a
    com.google.android.gms.maps.LocationSource$OnLocationChangedListener mListener -> b
    boolean mGotFix -> c
    android.view.View onCreateView(android.view.LayoutInflater,android.view.ViewGroup,android.os.Bundle) -> onCreateView
    void onResume() -> onResume
    void onClick(android.view.View) -> onClick
    void gpsStart() -> a
    void onLocationChanged(android.location.Location) -> onLocationChanged
    void onStatusChanged(java.lang.String,int,android.os.Bundle) -> onStatusChanged
    void onProviderEnabled(java.lang.String) -> onProviderEnabled
    void onProviderDisabled(java.lang.String) -> onProviderDisabled
    void onGpsStatusChanged(int,android.location.GpsStatus) -> a
    void activate(com.google.android.gms.maps.LocationSource$OnLocationChangedListener) -> a
    void deactivate() -> b
    boolean isGoogleMapsInstalled() -> d
com.android.gpstest.GpsMapFragment$1 -> com.android.gpstest.a:
    com.android.gpstest.GpsMapFragment this$0 -> a
    void onClick(android.content.DialogInterface,int) -> onClick
com.android.gpstest.GpsSkyFragment -> com.android.gpstest.GpsSkyFragment:
    com.android.gpstest.GpsSkyFragment$GpsSkyView mSkyView -> a
    android.hardware.SensorManager mSensorManager -> b
    void onCreate(android.os.Bundle) -> onCreate
    android.view.View onCreateView(android.view.LayoutInflater,android.view.ViewGroup,android.os.Bundle) -> onCreateView
    void onResume() -> onResume
    void onPause() -> onPause
    void onLocationChanged(android.location.Location) -> onLocationChanged
    void onStatusChanged(java.lang.String,int,android.os.Bundle) -> onStatusChanged
    void onProviderEnabled(java.lang.String) -> onProviderEnabled
    void onProviderDisabled(java.lang.String) -> onProviderDisabled
    void gpsStart() -> a
    void onGpsStatusChanged(int,android.location.GpsStatus) -> a
com.android.gpstest.GpsSkyFragment$GpsSkyView -> com.android.gpstest.b:
    android.graphics.Paint mHorizonActiveFillPaint -> a
    android.graphics.Paint mHorizonInactiveFillPaint -> b
    android.graphics.Paint mHorizonStrokePaint -> c
    android.graphics.Paint mGridStrokePaint -> d
    android.graphics.Paint mSatelliteFillPaint -> e
    android.graphics.Paint mSatelliteStrokePaint -> f
    float mOrientation -> g
    boolean mStarted -> h
    float[] mSnrs -> i
    float[] mElevs -> j
    float[] mAzims -> k
    int mSvCount -> l
    float[] mSnrThresholds -> m
    int[] mSnrColors -> n
    void setStarted() -> a
    void setStopped() -> b
    void setSats(android.location.GpsStatus) -> a
    void drawLine(android.graphics.Canvas,float,float,float,float) -> a
    float elevationToRadius(int,float) -> a
    void onSensorChanged(android.hardware.SensorEvent) -> onSensorChanged
    void onAccuracyChanged(android.hardware.Sensor,int) -> onAccuracyChanged
    void onDraw(android.graphics.Canvas) -> onDraw
...
com.google.android.gms.internal.co$a -> com.google.android.gms.internal.bh:
    com.google.android.gms.internal.co A(android.os.IBinder) -> a
    boolean onTransact(int,android.os.Parcel,android.os.Parcel,int) -> onTransact
com.google.android.gms.internal.co$a$a -> com.google.android.gms.internal.bi:
    android.os.IBinder a -> a
    android.os.IBinder asBinder() -> asBinder
    void e(com.google.android.gms.internal.dm) -> a
com.google.android.gms.internal.cp -> com.google.android.gms.internal.bj:
    void e(com.google.android.gms.internal.bc) -> a
com.google.android.gms.internal.cp$a -> com.google.android.gms.internal.bk:
    com.google.android.gms.internal.cp B(android.os.IBinder) -> a
    boolean onTransact(int,android.os.Parcel,android.os.Parcel,int) -> onTransact
com.google.android.gms.internal.cp$a$a -> com.google.android.gms.internal.bl:
    android.os.IBinder a -> a
    android.os.IBinder asBinder() -> asBinder
    void e(com.google.android.gms.internal.bc) -> a
com.google.android.gms.internal.cq -> com.google.android.gms.internal.bm:
    void onMapClick(com.google.android.gms.maps.model.LatLng) -> a
com.google.android.gms.internal.cq$a -> com.google.android.gms.internal.bn:
    com.google.android.gms.internal.cq C(android.os.IBinder) -> a
    boolean onTransact(int,android.os.Parcel,android.os.Parcel,int) -> onTransact
com.google.android.gms.internal.cq$a$a -> com.google.android.gms.internal.bo:
    android.os.IBinder a -> a
    android.os.IBinder asBinder() -> asBinder
    void onMapClick(com.google.android.gms.maps.model.LatLng) -> a
com.google.android.gms.internal.cr -> com.google.android.gms.internal.bp:
    void onMapLongClick(com.google.android.gms.maps.model.LatLng) -> a
com.google.android.gms.internal.cr$a -> com.google.android.gms.internal.bq:
    com.google.android.gms.internal.cr D(android.os.IBinder) -> a
    boolean onTransact(int,android.os.Parcel,android.os.Parcel,int) -> onTransact
com.google.android.gms.internal.cr$a$a -> com.google.android.gms.internal.br:
    android.os.IBinder a -> a
    android.os.IBinder asBinder() -> asBinder
    void onMapLongClick(com.google.android.gms.maps.model.LatLng) -> a
com.google.android.gms.internal.cs -> com.google.android.gms.internal.bs:
    boolean a(com.google.android.gms.internal.dm) -> a
com.google.android.gms.internal.cs$a -> com.google.android.gms.internal.bt:
    com.google.android.gms.internal.cs E(android.os.IBinder) -> a
    boolean onTransact(int,android.os.Parcel,android.os.Parcel,int) -> onTransact
com.google.android.gms.internal.cs$a$a -> com.google.android.gms.internal.bu:
    android.os.IBinder a -> a
    android.os.IBinder asBinder() -> asBinder
    boolean a(com.google.android.gms.internal.dm) -> a
com.google.android.gms.internal.ct -> com.google.android.gms.internal.bv:
    void b(com.google.android.gms.internal.dm) -> a
    void d(com.google.android.gms.internal.dm) -> b
    void c(com.google.android.gms.internal.dm) -> c
com.google.android.gms.internal.ct$a -> com.google.android.gms.internal.by:
    com.google.android.gms.internal.ct F(android.os.IBinder) -> a
    boolean onTransact(int,android.os.Parcel,android.os.Parcel,int) -> onTransact
com.google.android.gms.internal.ct$a$a -> com.google.android.gms.internal.ca:
    android.os.IBinder a -> a
    android.os.IBinder asBinder() -> asBinder
    void b(com.google.android.gms.internal.dm) -> a
    void d(com.google.android.gms.internal.dm) -> b
    void c(com.google.android.gms.internal.dm) -> c
com.google.android.gms.internal.cu -> com.google.android.gms.internal.cb:
    void b(com.google.android.gms.internal.bc) -> a
com.google.android.gms.internal.cu$a -> com.google.android.gms.internal.cc:
    com.google.android.gms.internal.cu G(android.os.IBinder) -> a
    boolean onTransact(int,android.os.Parcel,android.os.Parcel,int) -> onTransact