proguard/usage.txt
com.android.gpstest.BuildConfig
com.android.gpstest.GpsMapFragment:
    public static final float CAMERA_INITIAL_ZOOM
    public static final float CAMERA_INITIAL_BEARING
    public static final float CAMERA_INITIAL_TILT
com.android.gpstest.GpsSkyFragment$GpsSkyView:
    private static final int SAT_RADIUS
com.android.gpstest.GpsStatusFragment:
    private static final java.lang.String TAG
    private static final int PRN_COLUMN
    private static final int SNR_COLUMN
    private static final int ELEVATION_COLUMN
    private static final int AZIMUTH_COLUMN
    private static final int FLAGS_COLUMN
    private static final int COLUMN_COUNT
    private static final java.lang.String EMPTY_LAT_LONG
    284:285:public void onGpsStarted()
    288:289:public void onGpsStopped()
com.android.gpstest.GpsTestActivity:
    private static final java.lang.String TAG
com.android.gpstest.GpsTestActivity$SectionsPagerAdapter:
    public static final int NUMBER_OF_TABS
    public static final int GPS_STATUS_FRAGMENT
    public static final int GPS_MAP_FRAGMENT
    public static final int GPS_SKY_FRAGMENT
com.android.gpstest.Manifest
com.android.gpstest.Manifest$permission
com.android.gpstest.R
com.android.gpstest.R$array
com.android.gpstest.R$attr
com.android.gpstest.R$bool
com.android.gpstest.R$color
com.android.gpstest.R$dimen
com.android.gpstest.R$drawable
com.android.gpstest.R$id
com.android.gpstest.R$integer
com.android.gpstest.R$layout
com.android.gpstest.R$menu
com.android.gpstest.R$string
com.android.gpstest.R$style
com.android.gpstest.R$styleable
com.android.gpstest.R$xml
com.android.gpstest.view.ViewPagerMapBevelScroll:
    private static final int DEFAULT_SWIPE_MARGIN_WIDTH_DIP
...
com.google.android.gms.internal.bj$ap
com.google.android.gms.internal.bj$b
com.google.android.gms.internal.bj$c
com.google.android.gms.internal.bj$d
com.google.android.gms.internal.bj$e
com.google.android.gms.internal.bj$f
com.google.android.gms.internal.bj$g
com.google.android.gms.internal.bj$h
com.google.android.gms.internal.bj$i
com.google.android.gms.internal.bj$j
com.google.android.gms.internal.bj$k
com.google.android.gms.internal.bj$l
com.google.android.gms.internal.bj$m
com.google.android.gms.internal.bj$n
com.google.android.gms.internal.bj$o
com.google.android.gms.internal.bj$p
com.google.android.gms.internal.bj$q
com.google.android.gms.internal.bj$r
com.google.android.gms.internal.bj$s
com.google.android.gms.internal.bj$t
com.google.android.gms.internal.bj$u
com.google.android.gms.internal.bj$v
com.google.android.gms.internal.bj$w
com.google.android.gms.internal.bj$x
com.google.android.gms.internal.bj$y
com.google.android.gms.internal.bj$z
com.google.android.gms.internal.bk
com.google.android.gms.internal.bl
com.google.android.gms.internal.bl$a
com.google.android.gms.internal.bl$a$a
com.google.android.gms.internal.bm
com.google.android.gms.internal.bm$a
com.google.android.gms.internal.bm$a$a
com.google.android.gms.internal.bn
com.google.android.gms.internal.bn$1
com.google.android.gms.internal.bn$a
com.google.android.gms.internal.bn$b
com.google.android.gms.internal.bo
com.google.android.gms.internal.bp
com.google.android.gms.internal.bq
com.google.android.gms.internal.br
com.google.android.gms.internal.bs
com.google.android.gms.internal.bt
com.google.android.gms.internal.bu
com.google.android.gms.internal.bv
com.google.android.gms.internal.bw:
    public bw(com.google.android.gms.internal.k,int,int)
com.google.android.gms.internal.bx:
    public void getDisplayName(android.database.CharArrayBuffer)
com.google.android.gms.internal.by
com.google.android.gms.internal.bz:
    bz(com.google.android.gms.internal.k,int,int)
    public int getParticipantStatus(java.lang.String)
    public void getDescription(android.database.CharArrayBuffer)
    public java.util.ArrayList getParticipantIds()
    public java.lang.String getParticipantId(java.lang.String)
com.google.android.gms.internal.c
com.google.android.gms.internal.ca
com.google.android.gms.internal.ca$a
com.google.android.gms.internal.ca$a$a
com.google.android.gms.internal.cb
com.google.android.gms.internal.cb$a
com.google.android.gms.internal.cb$a$a
com.google.android.gms.internal.cc
com.google.android.gms.internal.cc$a
com.google.android.gms.internal.cc$a$a
com.google.android.gms.internal.cd
com.google.android.gms.internal.cd$a
com.google.android.gms.internal.cd$b
com.google.android.gms.internal.ce
com.google.android.gms.internal.ce$1
com.google.android.gms.internal.ce$a
com.google.android.gms.internal.ce$b
com.google.android.gms.internal.ce$c
com.google.android.gms.internal.ce$d
com.google.android.gms.internal.cf:
    public cf(java.lang.String,int,short,double,double,float,long)
    public static com.google.android.gms.internal.cf c(byte[])
com.google.android.gms.internal.ch
com.google.android.gms.internal.ck$a:
    public ck$a()
com.google.android.gms.internal.cm$a:
    public cm$a()
com.google.android.gms.internal.cn$a:
    public cn$a()
com.google.android.gms.internal.co$a:
    public co$a()
com.google.android.gms.internal.cq$a:
    public cq$a()
com.google.android.gms.internal.cr$a:
    public cr$a()
com.google.android.gms.internal.cs$a:
    public cs$a()
com.google.android.gms.internal.ct$a:
    public ct$a()
com.google.android.gms.internal.cu$a:
    public cu$a()
com.google.android.gms.internal.d
com.google.android.gms.internal.dp$a:
    public dp$a()
com.google.android.gms.internal.dq
com.google.android.gms.internal.dq$a
com.google.android.gms.internal.dq$a$a
com.google.android.gms.internal.dr
com.google.android.gms.internal.dr$a